  Building Custom Rule C:/College/CIS565/Project0-Getting-Started/cuda-introduction/CMakeLists.txt
  Compiling CUDA source file ..\cuda-introduction\source\matmul.cu...
  Compiling CUDA source file ..\cuda-introduction\source\common.cu...
  
  C:\College\CIS565\Project0-Getting-Started\intro_build>"C:\Program Files\NVIDIA GPU Computing Toolkit\CUDA\v13.0\bin\nvcc.exe"  --use-local-env -ccbin "C:\Program Files\Microsoft Visual Studio\2022\Community\VC\Tools\MSVC\14.44.35207\bin\HostX64\x64" -x cu    -I"C:\Program Files\NVIDIA GPU Computing Toolkit\CUDA\v13.0\include"  -G   --keep-dir matmul\x64\Debug  -maxrregcount=0    --machine 64 --compile -cudart static -std=c++17 -arch=native -src-in-ptx -Xcompiler="/EHsc -Zi -Ob0" -g  -D_WINDOWS -D"CMAKE_INTDIR=\"Debug\"" -D_MBCS -D"CMAKE_INTDIR=\"Debug\"" -Xcompiler "/EHsc /W1 /nologo /Od /FS /Zi /RTC1 /MDd /GR" -Xcompiler "/Fdmatmul.dir\Debug\vc143.pdb" -o matmul.dir\Debug\matmul.obj "C:\College\CIS565\Project0-Getting-Started\cuda-introduction\source\matmul.cu" 
  
  C:\College\CIS565\Project0-Getting-Started\intro_build>"C:\Program Files\NVIDIA GPU Computing Toolkit\CUDA\v13.0\bin\nvcc.exe"  --use-local-env -ccbin "C:\Program Files\Microsoft Visual Studio\2022\Community\VC\Tools\MSVC\14.44.35207\bin\HostX64\x64" -x cu    -I"C:\Program Files\NVIDIA GPU Computing Toolkit\CUDA\v13.0\include"  -G   --keep-dir matmul\x64\Debug  -maxrregcount=0    --machine 64 --compile -cudart static -std=c++17 -arch=native -src-in-ptx -Xcompiler="/EHsc -Zi -Ob0" -g  -D_WINDOWS -D"CMAKE_INTDIR=\"Debug\"" -D_MBCS -D"CMAKE_INTDIR=\"Debug\"" -Xcompiler "/EHsc /W1 /nologo /Od /FS /Zi /RTC1 /MDd /GR" -Xcompiler "/Fdmatmul.dir\Debug\vc143.pdb" -o matmul.dir\Debug\common.obj "C:\College\CIS565\Project0-Getting-Started\cuda-introduction\source\common.cu" 
C:\College\CIS565\Project0-Getting-Started\cuda-introduction\source\matmul.cu(54): warning #186-D: pointless comparison of unsigned integer with zero
        for (unsigned i = 0; i < sizeMX * sizeXY; i++)
                               ^
  
  Remark: The warnings can be suppressed with "-diag-suppress <warning-number>"
  
C:\College\CIS565\Project0-Getting-Started\cuda-introduction\source\matmul.cu(58): warning #186-D: pointless comparison of unsigned integer with zero
        for (unsigned i = 0; i < sizeXY * sizeNY; i++)
                               ^
  
C:\College\CIS565\Project0-Getting-Started\cuda-introduction\source\matmul.cu(83): warning #549-D: variable "matrixP" is used before its value is set
        clearHostAndDeviceArray(matrixP, d_matrixP, sizeMX * sizeNY);
                                ^
  
C:\College\CIS565\Project0-Getting-Started\cuda-introduction\source\matmul.cu(83): warning #549-D: variable "d_matrixP" is used before its value is set
        clearHostAndDeviceArray(matrixP, d_matrixP, sizeMX * sizeNY);
                                         ^
  
C:\College\CIS565\Project0-Getting-Started\cuda-introduction\source\matmul.cu(98): warning #549-D: variable "matrixPGold" is used before its value is set
        compareReferenceAndResult(matrixPGold, matrixP, sizeMX * sizeNY, 1e-3);
                                  ^
  
C:\College\CIS565\Project0-Getting-Started\cuda-introduction\source\matmul.cu(15): warning #177-D: variable "px" was declared but never referenced
        unsigned px;
                 ^
  
  Remark: The warnings can be suppressed with "-diag-suppress <warning-number>"
  
C:\College\CIS565\Project0-Getting-Started\cuda-introduction\source\matmul.cu(16): warning #177-D: variable "py" was declared but never referenced
        unsigned py;
                 ^
  
C:\College\CIS565\Project0-Getting-Started\cuda-introduction\source\matmul.cu(22): warning #177-D: variable "dot" was declared but never referenced
        float dot = 0.0;
              ^
  
C:\College\CIS565\Project0-Getting-Started\cuda-introduction\source\matmul.cu(54): warning #186-D: pointless comparison of unsigned integer with zero
        for (unsigned i = 0; i < sizeMX * sizeXY; i++)
                               ^
  
C:\College\CIS565\Project0-Getting-Started\cuda-introduction\source\matmul.cu(58): warning #186-D: pointless comparison of unsigned integer with zero
        for (unsigned i = 0; i < sizeXY * sizeNY; i++)
                               ^
  
C:\College\CIS565\Project0-Getting-Started\cuda-introduction\source\matmul.cu(83): warning #549-D: variable "matrixP" is used before its value is set
        clearHostAndDeviceArray(matrixP, d_matrixP, sizeMX * sizeNY);
                                ^
  
C:\College\CIS565\Project0-Getting-Started\cuda-introduction\source\matmul.cu(83): warning #549-D: variable "d_matrixP" is used before its value is set
        clearHostAndDeviceArray(matrixP, d_matrixP, sizeMX * sizeNY);
                                         ^
  
C:\College\CIS565\Project0-Getting-Started\cuda-introduction\source\matmul.cu(98): warning #549-D: variable "matrixPGold" is used before its value is set
        compareReferenceAndResult(matrixPGold, matrixP, sizeMX * sizeNY, 1e-3);
                                  ^
  
C:\College\CIS565\Project0-Getting-Started\cuda-introduction\source\matmul.cu(70): warning #177-D: variable "d_matrixM" was declared but never referenced
        float *d_matrixM, *d_matrixN, *d_matrixP;
               ^
  
C:\College\CIS565\Project0-Getting-Started\cuda-introduction\source\matmul.cu(70): warning #177-D: variable "d_matrixN" was declared but never referenced
        float *d_matrixM, *d_matrixN, *d_matrixP;
                           ^
  
C:\College\CIS565\Project0-Getting-Started\cuda-introduction\source\matmul.cu(88): warning #550-D: variable "dims" was set but never used
        DIMS dims;
             ^
  
  matmul.cu
  tmpxft_0000620c_00000000-8_matmul.cudafe1.cpp
C:\College\CIS565\Project0-Getting-Started\cuda-introduction\source\matmul.cu(55): warning C4700: uninitialized local variable 'matrixM' used
C:\College\CIS565\Project0-Getting-Started\cuda-introduction\source\matmul.cu(59): warning C4700: uninitialized local variable 'matrixN' used
C:\College\CIS565\Project0-Getting-Started\cuda-introduction\source\matmul.cu(83): warning C4700: uninitialized local variable 'd_matrixP' used
C:\College\CIS565\Project0-Getting-Started\cuda-introduction\source\matmul.cu(83): warning C4700: uninitialized local variable 'matrixP' used
C:\College\CIS565\Project0-Getting-Started\cuda-introduction\source\matmul.cu(98): warning C4700: uninitialized local variable 'matrixPGold' used
  common.cu
  tmpxft_0000227c_00000000-8_common.cudafe1.cpp
C:\Program Files\Microsoft Visual Studio\2022\Community\VC\Tools\MSVC\14.44.35207\include\xutility(5310): warning C4244: '=': conversion from 'const _Ty' to 'float', possible loss of data
          with
          [
              _Ty=int
          ]
  C:\Program Files\Microsoft Visual Studio\2022\Community\VC\Tools\MSVC\14.44.35207\include\xutility(5310): note: the template instantiation context (the oldest one first) is
  C:\College\CIS565\Project0-Getting-Started\cuda-introduction\source\common.cu(17): note: see reference to function template instantiation 'void std::fill<float*,int>(const _FwdIt,const _FwdIt,const _Ty &)' being compiled
          with
          [
              _FwdIt=float *,
              _Ty=int
          ]
     Creating library C:/College/CIS565/Project0-Getting-Started/intro_build/lib/Debug/matmul.lib and object C:/College/CIS565/Project0-Getting-Started/intro_build/lib/Debug/matmul.exp
LINK : warning LNK4098: defaultlib 'LIBCMT' conflicts with use of other libs; use /NODEFAULTLIB:library
  matmul.vcxproj -> C:\College\CIS565\Project0-Getting-Started\intro_build\bin\Debug\matmul.exe
