  Building Custom Rule C:/College/CIS565/Project0-Getting-Started/cuda-introduction/CMakeLists.txt
  Compiling CUDA source file ..\cuda-introduction\source\transpose.cu...
  Compiling CUDA source file ..\cuda-introduction\source\common.cu...
  
  C:\College\CIS565\Project0-Getting-Started\intro_build>"C:\Program Files\NVIDIA GPU Computing Toolkit\CUDA\v13.0\bin\nvcc.exe"  --use-local-env -ccbin "C:\Program Files\Microsoft Visual Studio\2022\Community\VC\Tools\MSVC\14.44.35207\bin\HostX64\x64" -x cu    -I"C:\Program Files\NVIDIA GPU Computing Toolkit\CUDA\v13.0\include"  -G   --keep-dir transpose\x64\Debug  -maxrregcount=0    --machine 64 --compile -cudart static -std=c++17 -arch=native -src-in-ptx -Xcompiler="/EHsc -Zi -Ob0" -g  -D_WINDOWS -D"CMAKE_INTDIR=\"Debug\"" -D_MBCS -D"CMAKE_INTDIR=\"Debug\"" -Xcompiler "/EHsc /W1 /nologo /Od /FS /Zi /RTC1 /MDd /GR" -Xcompiler "/Fdtranspose.dir\Debug\vc143.pdb" -o transpose.dir\Debug\transpose.obj "C:\College\CIS565\Project0-Getting-Started\cuda-introduction\source\transpose.cu" 
  
  C:\College\CIS565\Project0-Getting-Started\intro_build>"C:\Program Files\NVIDIA GPU Computing Toolkit\CUDA\v13.0\bin\nvcc.exe"  --use-local-env -ccbin "C:\Program Files\Microsoft Visual Studio\2022\Community\VC\Tools\MSVC\14.44.35207\bin\HostX64\x64" -x cu    -I"C:\Program Files\NVIDIA GPU Computing Toolkit\CUDA\v13.0\include"  -G   --keep-dir transpose\x64\Debug  -maxrregcount=0    --machine 64 --compile -cudart static -std=c++17 -arch=native -src-in-ptx -Xcompiler="/EHsc -Zi -Ob0" -g  -D_WINDOWS -D"CMAKE_INTDIR=\"Debug\"" -D_MBCS -D"CMAKE_INTDIR=\"Debug\"" -Xcompiler "/EHsc /W1 /nologo /Od /FS /Zi /RTC1 /MDd /GR" -Xcompiler "/Fdtranspose.dir\Debug\vc143.pdb" -o transpose.dir\Debug\common.obj "C:\College\CIS565\Project0-Getting-Started\cuda-introduction\source\common.cu" 
C:\College\CIS565\Project0-Getting-Started\cuda-introduction\source\transpose.cu(95): warning #549-D: variable "d_b" is used before its value is set
            clearHostAndDeviceArray(b, d_b, sizeX * sizeY);
                                       ^
  
  Remark: The warnings can be suppressed with "-diag-suppress <warning-number>"
  
C:\College\CIS565\Project0-Getting-Started\cuda-introduction\source\transpose.cu(104): warning #549-D: variable "d_a" is used before its value is set
            copyKernel<<<dims.dimGrid, dims.dimBlock>>>(d_a, d_b, sizeX, sizeY);
                                                        ^
  
C:\College\CIS565\Project0-Getting-Started\cuda-introduction\source\transpose.cu(22): warning #177-D: variable "i" was declared but never referenced
        unsigned i = 0;
                 ^
  
  Remark: The warnings can be suppressed with "-diag-suppress <warning-number>"
  
C:\College\CIS565\Project0-Getting-Started\cuda-introduction\source\transpose.cu(23): warning #177-D: variable "j" was declared but never referenced
        unsigned j = 0;;
                 ^
  
C:\College\CIS565\Project0-Getting-Started\cuda-introduction\source\transpose.cu(28): warning #177-D: variable "index" was declared but never referenced
        unsigned index = 0;
                 ^
  
C:\College\CIS565\Project0-Getting-Started\cuda-introduction\source\transpose.cu(41): warning #177-D: variable "i" was declared but never referenced
        unsigned i = 0;
                 ^
  
C:\College\CIS565\Project0-Getting-Started\cuda-introduction\source\transpose.cu(42): warning #177-D: variable "j" was declared but never referenced
        unsigned j = 0;
                 ^
  
C:\College\CIS565\Project0-Getting-Started\cuda-introduction\source\transpose.cu(47): warning #177-D: variable "index_in" was declared but never referenced
        unsigned index_in  = 0;  
                 ^
  
C:\College\CIS565\Project0-Getting-Started\cuda-introduction\source\transpose.cu(48): warning #177-D: variable "index_out" was declared but never referenced
        unsigned index_out = 0;  
                 ^
  
C:\College\CIS565\Project0-Getting-Started\cuda-introduction\source\transpose.cu(95): warning #549-D: variable "d_b" is used before its value is set
            clearHostAndDeviceArray(b, d_b, sizeX * sizeY);
                                       ^
  
C:\College\CIS565\Project0-Getting-Started\cuda-introduction\source\transpose.cu(104): warning #549-D: variable "d_a" is used before its value is set
            copyKernel<<<dims.dimGrid, dims.dimBlock>>>(d_a, d_b, sizeX, sizeY);
                                                        ^
  
C:\College\CIS565\Project0-Getting-Started\cuda-introduction\source\transpose.cu(123): warning #550-D: variable "dims" was set but never used
            DIMS dims;
                 ^
  
  transpose.cu
  tmpxft_000088e4_00000000-8_transpose.cudafe1.cpp
C:\College\CIS565\Project0-Getting-Started\cuda-introduction\source\transpose.cu(95): warning C4700: uninitialized local variable 'd_b' used
C:\College\CIS565\Project0-Getting-Started\cuda-introduction\source\transpose.cu(104): warning C4700: uninitialized local variable 'd_a' used
  common.cu
  tmpxft_00007250_00000000-8_common.cudafe1.cpp
C:\Program Files\Microsoft Visual Studio\2022\Community\VC\Tools\MSVC\14.44.35207\include\xutility(5310): warning C4244: '=': conversion from 'const _Ty' to 'float', possible loss of data
          with
          [
              _Ty=int
          ]
  C:\Program Files\Microsoft Visual Studio\2022\Community\VC\Tools\MSVC\14.44.35207\include\xutility(5310): note: the template instantiation context (the oldest one first) is
  C:\College\CIS565\Project0-Getting-Started\cuda-introduction\source\common.cu(17): note: see reference to function template instantiation 'void std::fill<float*,int>(const _FwdIt,const _FwdIt,const _Ty &)' being compiled
          with
          [
              _FwdIt=float *,
              _Ty=int
          ]
     Creating library C:/College/CIS565/Project0-Getting-Started/intro_build/lib/Debug/transpose.lib and object C:/College/CIS565/Project0-Getting-Started/intro_build/lib/Debug/transpose.exp
LINK : warning LNK4098: defaultlib 'LIBCMT' conflicts with use of other libs; use /NODEFAULTLIB:library
  transpose.vcxproj -> C:\College\CIS565\Project0-Getting-Started\intro_build\bin\Debug\transpose.exe
