c:\college\cis565\project0-getting-started\build\cuda-gl-check.dir\debug\vc143.pdb
c:\college\cis565\project0-getting-started\build\cuda-gl-check.dir\debug\main.obj
c:\college\cis565\project0-getting-started\build\cuda-gl-check.dir\debug\glslutility.obj
cuda-gl-check.dir\debug\kernel.obj
c:\college\cis565\project0-getting-started\build\cmakefiles\generate.stamp
c:\college\cis565\project0-getting-started\build\bin\debug\cuda-gl-check.exe
c:\college\cis565\project0-getting-started\build\bin\debug\cuda-gl-check.pdb
c:\college\cis565\project0-getting-started\build\cuda-gl-check.dir\debug\cuda-gl-check.ilk
c:\college\cis565\project0-getting-started\build\cuda-gl-check.dir\debug\kernel.cu.cache
c:\college\cis565\project0-getting-started\build\cuda-gl-check.dir\debug\cuda-gl-check.device-link.obj
c:\college\cis565\project0-getting-started\build\cuda-gl-check.dir\debug\kernel.obj
c:\college\cis565\project0-getting-started\build\cuda-gl-check.dir\debug\cuda-gl-check.tlog\cl.command.1.tlog
c:\college\cis565\project0-getting-started\build\cuda-gl-check.dir\debug\cuda-gl-check.tlog\cl.items.tlog
c:\college\cis565\project0-getting-started\build\cuda-gl-check.dir\debug\cuda-gl-check.tlog\cl.read.1.tlog
c:\college\cis565\project0-getting-started\build\cuda-gl-check.dir\debug\cuda-gl-check.tlog\cl.write.1.tlog
c:\college\cis565\project0-getting-started\build\cuda-gl-check.dir\debug\cuda-gl-check.tlog\cudacompile.read.1u.tlog
c:\college\cis565\project0-getting-started\build\cuda-gl-check.dir\debug\cuda-gl-check.tlog\cudacompile.write.1u.tlog
c:\college\cis565\project0-getting-started\build\cuda-gl-check.dir\debug\cuda-gl-check.tlog\custombuild.command.1.tlog
c:\college\cis565\project0-getting-started\build\cuda-gl-check.dir\debug\cuda-gl-check.tlog\custombuild.read.1.tlog
c:\college\cis565\project0-getting-started\build\cuda-gl-check.dir\debug\cuda-gl-check.tlog\custombuild.write.1.tlog
c:\college\cis565\project0-getting-started\build\cuda-gl-check.dir\debug\cuda-gl-check.tlog\link.command.1.tlog
c:\college\cis565\project0-getting-started\build\cuda-gl-check.dir\debug\cuda-gl-check.tlog\link.read.1.tlog
c:\college\cis565\project0-getting-started\build\cuda-gl-check.dir\debug\cuda-gl-check.tlog\link.secondary.1.tlog
c:\college\cis565\project0-getting-started\build\cuda-gl-check.dir\debug\cuda-gl-check.tlog\link.write.1.tlog
